<?xml version="1.0" encoding="UTF-8"?>
<!-- Generated by org.testng.reporters.JUnitReportReporter -->
<testsuite hostname="LAPTOP-0QTDGNSP" failures="0" tests="8" name="testclasses.VerifyUserCanBuyProduct" time="15.111" errors="0" timestamp="2022-06-03T14:07:31 IST" skipped="0">
  <testcase classname="testclasses.VerifyUserCanBuyProduct" name="VerifyUserCanloginOrNot" time="2.269"/>
  <system-out/>
  <testcase classname="testclasses.VerifyUserCanBuyProduct" name="VerifyUserCanloginOrNot" time="2.150"/>
  <system-out/>
  <testcase classname="testclasses.VerifyUserCanBuyProduct" name="Test" time="4.078"/>
  <system-out/>
  <testcase classname="testclasses.VerifyUserCanBuyProduct" name="Test" time="0.551"/>
  <system-out/>
  <testcase classname="testclasses.VerifyUserCanBuyProduct" name="Test" time="3.841"/>
  <system-out/>
  <testcase classname="testclasses.VerifyUserCanBuyProduct" name="Test" time="0.772"/>
  <system-out/>
  <testcase classname="testclasses.VerifyUserCanBuyProduct" name="Test" time="0.571"/>
  <system-out/>
  <testcase classname="testclasses.VerifyUserCanBuyProduct" name="Test" time="0.879"/>
  <system-out/>
</testsuite> <!-- testclasses.VerifyUserCanBuyProduct -->
